[2026-02-13 15:31:12] Checked implementation detail
[2026-02-13 15:31:50] Updated internal reference
[2026-02-13 15:31:55] Reviewed notes
[2026-02-13 15:32:02] Checked implementation detail
[2026-02-13 15:32:08] Checked implementation detail
[2026-02-13 15:32:14] Updated internal reference
[2026-02-13 15:32:19] Minor housekeeping
[2026-02-13 15:32:25] Checked implementation detail
[2026-02-13 15:32:31] Adjusted documentation
[2026-02-13 15:32:36] Checked implementation detail
[2026-02-13 15:32:41] Reviewed notes
[2026-02-13 15:32:47] Minor housekeeping
[2026-02-13 19:23:06] Updated internal reference
[2026-02-13 19:23:12] Reviewed notes
[2026-02-13 19:23:18] Adjusted documentation
[2026-02-13 19:23:24] Updated internal reference
[2026-02-13 19:23:29] Minor housekeeping
[2026-02-13 19:23:34] Checked implementation detail
[2026-02-13 19:23:40] Updated internal reference
[2026-02-13 19:23:45] Minor housekeeping
[2026-02-14 18:53:29] Updated internal reference
[2026-02-14 18:53:35] Updated internal reference
[2026-02-14 18:53:41] Minor housekeeping
[2026-02-14 18:53:47] Adjusted documentation
[2026-02-14 18:53:53] Minor housekeeping
[2026-02-14 18:53:59] Updated internal reference
[2026-02-14 18:54:05] Checked implementation detail
[2026-02-14 18:54:11] Checked implementation detail
[2026-02-14 18:54:16] Minor housekeeping
[2026-02-14 18:54:22] Adjusted documentation
[2026-02-14 18:54:29] Minor housekeeping
[2026-02-14 18:54:34] Adjusted documentation
[2026-02-14 18:54:39] Adjusted documentation
[2026-02-14 18:54:45] Reviewed notes
[2026-02-14 18:54:51] Minor housekeeping
[2026-02-14 18:54:56] Reviewed notes
[2026-02-14 18:55:03] Reviewed notes
[2026-02-14 18:55:08] Reviewed notes
[2026-02-14 18:55:14] Adjusted documentation
[2026-02-14 18:55:20] Minor housekeeping
[2026-02-14 18:55:26] Checked implementation detail
[2026-02-14 18:55:32] Updated internal reference
[2026-02-14 18:55:37] Checked implementation detail
[2026-02-14 18:55:44] Reviewed notes
[2026-02-14 18:55:50] Minor housekeeping
[2026-02-14 18:55:55] Minor housekeeping
[2026-02-14 18:56:00] Reviewed notes
[2026-02-14 18:56:06] Minor housekeeping
[2026-02-14 18:56:12] Adjusted documentation
[2026-02-14 18:56:17] Reviewed notes
[2026-02-14 18:56:23] Minor housekeeping
[2026-02-14 18:56:29] Adjusted documentation
[2026-02-14 18:56:34] Checked implementation detail
[2026-02-14 18:56:39] Adjusted documentation
[2026-02-14 18:56:44] Adjusted documentation
[2026-02-14 18:56:51] Reviewed notes
[2026-02-14 18:56:57] Checked implementation detail
[2026-02-14 18:57:02] Minor housekeeping
[2026-02-14 18:57:08] Checked implementation detail
[2026-02-14 18:57:13] Adjusted documentation
[2026-02-14 18:57:18] Adjusted documentation
[2026-02-14 18:57:24] Updated internal reference
[2026-02-14 18:57:31] Updated internal reference
