[2026-01-24 16:44:52] auto commit #138 - 2026-01-24 16:44:52
[2026-01-24 16:44:59] auto commit #139 - 2026-01-24 16:44:59
[2026-01-24 16:45:06] auto commit #140 - 2026-01-24 16:45:06
[2026-01-24 16:45:13] auto commit #141 - 2026-01-24 16:45:13
[2026-01-24 16:45:23] auto commit #142 - 2026-01-24 16:45:23
[2026-01-24 16:45:31] auto commit #143 - 2026-01-24 16:45:31
[2026-01-24 16:45:38] auto commit #144 - 2026-01-24 16:45:38
[2026-01-24 16:45:45] auto commit #145 - 2026-01-24 16:45:45
[2026-01-24 16:45:52] auto commit #146 - 2026-01-24 16:45:52
[2026-01-24 16:46:19] auto commit #147 - 2026-01-24 16:46:19
[2026-01-24 16:47:02] auto commit #148 - 2026-01-24 16:47:02
[2026-01-24 16:47:09] auto commit #149 - 2026-01-24 16:47:09
[2026-01-24 16:47:15] auto commit #150 - 2026-01-24 16:47:15
[2026-01-24 16:47:21] auto commit #151 - 2026-01-24 16:47:21
[2026-01-24 16:47:27] auto commit #152 - 2026-01-24 16:47:27
[2026-01-24 16:49:26] auto commit #1 - 2026-01-24 16:49:26
[2026-01-24 16:49:32] auto commit #2 - 2026-01-24 16:49:32
[2026-01-24 16:49:38] auto commit #3 - 2026-01-24 16:49:38
[2026-01-24 16:51:24] update internal notes
[2026-01-24 16:51:37] improve readability
[2026-01-24 16:51:46] quick fix
[2026-01-24 16:51:56] update internal notes
[2026-01-24 16:52:08] minor cleanup
[2026-01-24 16:52:20] code maintenance
